#
# A fatal error has been detected by the Java Runtime Environment:
#
#  EXCEPTION_ACCESS_VIOLATION (0xc0000005) at pc=0x00007ffcfc851899, pid=13020, tid=0x0000000000003370
#
# JRE version: Java(TM) SE Runtime Environment (8.0_111-b14) (build 1.8.0_111-b14)
# Java VM: Java HotSpot(TM) 64-Bit Server VM (25.111-b14 mixed mode windows-amd64 compressed oops)
# Problematic frame:
# C  [msvcrt.dll+0x1899]
#
# Failed to write core dump. Minidumps are not enabled by default on client versions of Windows
#
# If you would like to submit a bug report, please visit:
#   http://bugreport.java.com/bugreport/crash.jsp
# The crash happened outside the Java Virtual Machine in native code.
# See problematic frame for where to report the bug.
#

---------------  T H R E A D  ---------------

Current thread (0x000000001921c800):  JavaThread "VideoManager" [_thread_in_native, id=13168, stack(0x0000000019b00000,0x0000000019c00000)]

siginfo: ExceptionCode=0xc0000005, writing address 0x000000001d807240

Registers:
RAX=0x000000001d807250, RBX=0x0000000000000036, RCX=0x000000001d807230, RDX=0xffffffffff1fda00
RSP=0x0000000019bfe738, RBP=0x0000000000000000, RSI=0x000000001ca04750, RDI=0x000000001d806d50
R8 =0x0000000000000000, R9 =0x0000000000000028, R10=0x0000000000000001, R11=0x000000001d806d50
R12=0x0000000000000280, R13=0x0000000000000500, R14=0x000000006f37c960, R15=0x00000000000002a0
RIP=0x00007ffcfc851899, EFLAGS=0x0000000000010206

Top of Stack: (sp=0x0000000019bfe738)
0x0000000019bfe738:   000000006f22d20e 0000000000000000
0x0000000019bfe748:   0000000000000000 0000000000000000
0x0000000019bfe758:   0000000000000000 0000000000000000
0x0000000019bfe768:   fffffd3000000003 0000000100000001
0x0000000019bfe778:   0000000000000001 0000000100000000
0x0000000019bfe788:   0000000000000002 0000000000000000
0x0000000019bfe798:   0000000000000168 0000000000000000
0x0000000019bfe7a8:   0000000002c37da0 0000000019bfe8b0
0x0000000019bfe7b8:   0000000000000000 000000001727ecd0
0x0000000019bfe7c8:   0000000019bff0b8 000000001921c800
0x0000000019bfe7d8:   000000006e97daab 000000001c9e39e0
0x0000000019bfe7e8:   000000001c9e3a20 000000001c7b6920
0x0000000019bfe7f8:   000000001c7b6960 0000000000000000
0x0000000019bfe808:   0000000000000500 00000000000002d0
0x0000000019bfe818:   0000000002c37da0 0000000019bfe8b0
0x0000000019bfe828:   000000006e75393e 000000001c88e2b0 

Instructions: (pc=0x00007ffcfc851899)
0x00007ffcfc851879:   c1 e9 05 49 81 f9 00 20 00 00 77 40 49 83 e0 1f
0x00007ffcfc851889:   f3 0f 6f 44 0a f0 f3 0f 6f 4c 0a e0 48 83 e9 20
0x00007ffcfc851899:   66 0f 7f 41 10 66 0f 7f 09 49 ff c9 75 e2 e9 70
0x00007ffcfc8518a9:   ff ff ff cc f6 c1 0f 74 c3 48 ff c9 8a 04 0a 49 


Register to memory mapping:

RAX=0x000000001d807250 is an unknown value
RBX=0x0000000000000036 is an unknown value
RCX=0x000000001d807230 is an unknown value
RDX=0xffffffffff1fda00 is an unknown value
RSP=0x0000000019bfe738 is pointing into the stack for thread: 0x000000001921c800
RBP=0x0000000000000000 is an unknown value
RSI=0x000000001ca04750 is an unknown value
RDI=0x000000001d806d50 is an unknown value
R8 =0x0000000000000000 is an unknown value
R9 =0x0000000000000028 is an unknown value
R10=0x0000000000000001 is an unknown value
R11=0x000000001d806d50 is an unknown value
R12=0x0000000000000280 is an unknown value
R13=0x0000000000000500 is an unknown value
R14=0x000000006f37c960 is an unknown value
R15=0x00000000000002a0 is an unknown value


Stack: [0x0000000019b00000,0x0000000019c00000],  sp=0x0000000019bfe738,  free space=1017k
Native frames: (J=compiled Java code, j=interpreted, Vv=VM code, C=native code)

Java frames: (J=compiled Java code, j=interpreted, Vv=VM code)
j  com.xuggle.xuggler.XugglerJNI.IStreamCoder_decodeVideo(JLcom/xuggle/xuggler/IStreamCoder;JLcom/xuggle/xuggler/IVideoPicture;JLcom/xuggle/xuggler/IPacket;I)I+0
j  com.xuggle.xuggler.IStreamCoder.decodeVideo(Lcom/xuggle/xuggler/IVideoPicture;Lcom/xuggle/xuggler/IPacket;I)I+16
j  de.yadrone.base.video.xuggler.XugglerDecoder.decode(Ljava/io/InputStream;)V+262
j  de.yadrone.base.video.VideoManager.run()V+55
j  java.lang.Thread.run()V+11
v  ~StubRoutines::call_stub

---------------  P R O C E S S  ---------------

Java Threads: ( => current thread )
  0x0000000017783000 JavaThread "Thread-8" [_thread_in_native, id=13292, stack(0x00000000200c0000,0x00000000201c0000)]
  0x0000000017782000 JavaThread "Thread-7" [_thread_in_native, id=13288, stack(0x000000001ffc0000,0x00000000200c0000)]
  0x000000001cee0000 JavaThread "Thread-6" [_thread_in_native, id=13284, stack(0x000000001fec0000,0x000000001ffc0000)]
  0x000000001a221800 JavaThread "Image Fetcher 1" daemon [_thread_blocked, id=13260, stack(0x000000001fb90000,0x000000001fc90000)]
  0x000000000109d800 JavaThread "DestroyJavaVM" [_thread_blocked, id=13044, stack(0x0000000001210000,0x0000000001310000)]
  0x000000001c5f1000 JavaThread "Image Fetcher 0" daemon [_thread_blocked, id=13244, stack(0x000000001f340000,0x000000001f440000)]
  0x000000001c5ef800 JavaThread "AWT-EventQueue-0" [_thread_blocked, id=13240, stack(0x000000001de60000,0x000000001df60000)]
  0x000000001c5ee800 JavaThread "AWT-Shutdown" [_thread_blocked, id=13236, stack(0x000000001a9d0000,0x000000001aad0000)]
  0x0000000019f30800 JavaThread "AWT-Windows" daemon [_thread_in_native, id=13180, stack(0x000000001aad0000,0x000000001abd0000)]
  0x0000000019f2b800 JavaThread "Java2D Disposer" daemon [_thread_blocked, id=13172, stack(0x000000001a8d0000,0x000000001a9d0000)]
=>0x000000001921c800 JavaThread "VideoManager" [_thread_in_native, id=13168, stack(0x0000000019b00000,0x0000000019c00000)]
  0x000000001922b000 JavaThread "NavDataManager" [_thread_in_native, id=13164, stack(0x0000000019a00000,0x0000000019b00000)]
  0x0000000019367800 JavaThread "CommandManager" [_thread_blocked, id=13156, stack(0x0000000019900000,0x0000000019a00000)]
  0x0000000019363800 JavaThread "YADrone CommandManager Timer" [_thread_blocked, id=13108, stack(0x0000000019800000,0x0000000019900000)]
  0x0000000019230800 JavaThread "Service Thread" daemon [_thread_blocked, id=13100, stack(0x0000000019600000,0x0000000019700000)]
  0x0000000017780800 JavaThread "C1 CompilerThread2" daemon [_thread_blocked, id=13096, stack(0x0000000019100000,0x0000000019200000)]
  0x000000001777b800 JavaThread "C2 CompilerThread1" daemon [_thread_blocked, id=13092, stack(0x0000000019000000,0x0000000019100000)]
  0x0000000017773000 JavaThread "C2 CompilerThread0" daemon [_thread_blocked, id=13088, stack(0x0000000018f00000,0x0000000019000000)]
  0x0000000017770000 JavaThread "Attach Listener" daemon [_thread_blocked, id=13084, stack(0x0000000018e00000,0x0000000018f00000)]
  0x000000001776e000 JavaThread "Signal Dispatcher" daemon [_thread_blocked, id=13080, stack(0x0000000018d00000,0x0000000018e00000)]
  0x000000001775a000 JavaThread "Finalizer" daemon [_thread_blocked, id=13072, stack(0x00000000189d0000,0x0000000018ad0000)]
  0x0000000002b70000 JavaThread "Reference Handler" daemon [_thread_blocked, id=13068, stack(0x00000000188d0000,0x00000000189d0000)]

Other Threads:
  0x0000000017737000 VMThread [stack: 0x00000000187d0000,0x00000000188d0000] [id=13064]
  0x00000000177ce800 WatcherThread [stack: 0x0000000019700000,0x0000000019800000] [id=13104]

VM state:not at safepoint (normal execution)

VM Mutex/Monitor currently owned by a thread: None

Heap:
 PSYoungGen      total 142336K, used 48471K [0x00000000d5e00000, 0x00000000e8100000, 0x0000000100000000)
  eden space 129536K, 27% used [0x00000000d5e00000,0x00000000d80d7220,0x00000000ddc80000)
  from space 12800K, 99% used [0x00000000ddc80000,0x00000000de8fed80,0x00000000de900000)
  to   space 19456K, 0% used [0x00000000e6e00000,0x00000000e6e00000,0x00000000e8100000)
 ParOldGen       total 87552K, used 16252K [0x0000000081a00000, 0x0000000086f80000, 0x00000000d5e00000)
  object space 87552K, 18% used [0x0000000081a00000,0x00000000829df258,0x0000000086f80000)
 Metaspace       used 19779K, capacity 20022K, committed 20224K, reserved 1067008K
  class space    used 2481K, capacity 2550K, committed 2560K, reserved 1048576K

Card table byte_map: [0x0000000011ff0000,0x00000000123f0000] byte_map_base: 0x0000000011be3000

Marking Bits: (ParMarkBitMap*) 0x000000007523a6c0
 Begin Bits: [0x0000000012aa0000, 0x0000000014a38000)
 End Bits:   [0x0000000014a38000, 0x00000000169d0000)

Polling page: 0x0000000001080000

CodeCache: size=245760Kb used=7473Kb max_used=7473Kb free=238286Kb
 bounds [0x0000000002c30000, 0x0000000003390000, 0x0000000011c30000]
 total_blobs=2911 nmethods=2279 adapters=544
 compilation: enabled

Compilation events (10 events):
Event: 10.779 Thread 0x0000000017780800 nmethod 2559 0x0000000003380ad0 code [0x0000000003380c20, 0x0000000003380d30]
Event: 10.779 Thread 0x0000000017780800 2560       1       sun.util.calendar.CalendarDate::getMonth (5 bytes)
Event: 10.779 Thread 0x0000000017780800 nmethod 2560 0x0000000003380d90 code [0x0000000003380ee0, 0x0000000003380ff0]
Event: 10.780 Thread 0x0000000017780800 2561       1       sun.util.calendar.CalendarDate::getDayOfMonth (5 bytes)
Event: 10.780 Thread 0x0000000017780800 nmethod 2561 0x0000000003381050 code [0x00000000033811a0, 0x00000000033812b0]
Event: 10.780 Thread 0x0000000017780800 2562       3       java.util.GregorianCalendar::getWeekNumber (89 bytes)
Event: 10.781 Thread 0x0000000017780800 nmethod 2562 0x0000000003381310 code [0x00000000033814a0, 0x0000000003381c10]
Event: 10.781 Thread 0x0000000017780800 2563       3       sun.util.calendar.AbstractCalendar::getDayOfWeekDateOnOrBefore (31 bytes)
Event: 10.782 Thread 0x0000000017780800 nmethod 2563 0x0000000003381fd0 code [0x0000000003382140, 0x00000000033824f0]
Event: 10.782 Thread 0x0000000017780800 2564       3       sun.util.calendar.BaseCalendar::getFixedDate (324 bytes)

GC Heap History (10 events):
Event: 6.146 GC heap before
{Heap before GC invocations=3 (full 0):
 PSYoungGen      total 38400K, used 35840K [0x00000000d5e00000, 0x00000000da900000, 0x0000000100000000)
  eden space 33280K, 100% used [0x00000000d5e00000,0x00000000d7e80000,0x00000000d7e80000)
  from space 5120K, 50% used [0x00000000d8380000,0x00000000d8600020,0x00000000d8880000)
  to   space 5120K, 0% used [0x00000000d7e80000,0x00000000d7e80000,0x00000000d8380000)
 ParOldGen       total 87552K, used 24K [0x0000000081a00000, 0x0000000086f80000, 0x00000000d5e00000)
  object space 87552K, 0% used [0x0000000081a00000,0x0000000081a06000,0x0000000086f80000)
 Metaspace       used 12154K, capacity 12284K, committed 12544K, reserved 1060864K
  class space    used 1448K, capacity 1517K, committed 1536K, reserved 1048576K
Event: 6.151 GC heap after
Heap after GC invocations=3 (full 0):
 PSYoungGen      total 38400K, used 2736K [0x00000000d5e00000, 0x00000000da900000, 0x0000000100000000)
  eden space 33280K, 0% used [0x00000000d5e00000,0x00000000d5e00000,0x00000000d7e80000)
  from space 5120K, 53% used [0x00000000d7e80000,0x00000000d812c010,0x00000000d8380000)
  to   space 5120K, 0% used [0x00000000da400000,0x00000000da400000,0x00000000da900000)
 ParOldGen       total 87552K, used 32K [0x0000000081a00000, 0x0000000086f80000, 0x00000000d5e00000)
  object space 87552K, 0% used [0x0000000081a00000,0x0000000081a08000,0x0000000086f80000)
 Metaspace       used 12154K, capacity 12284K, committed 12544K, reserved 1060864K
  class space    used 1448K, capacity 1517K, committed 1536K, reserved 1048576K
}
Event: 6.233 GC heap before
{Heap before GC invocations=4 (full 0):
 PSYoungGen      total 38400K, used 36016K [0x00000000d5e00000, 0x00000000da900000, 0x0000000100000000)
  eden space 33280K, 100% used [0x00000000d5e00000,0x00000000d7e80000,0x00000000d7e80000)
  from space 5120K, 53% used [0x00000000d7e80000,0x00000000d812c010,0x00000000d8380000)
  to   space 5120K, 0% used [0x00000000da400000,0x00000000da400000,0x00000000da900000)
 ParOldGen       total 87552K, used 32K [0x0000000081a00000, 0x0000000086f80000, 0x00000000d5e00000)
  object space 87552K, 0% used [0x0000000081a00000,0x0000000081a08000,0x0000000086f80000)
 Metaspace       used 12182K, capacity 12348K, committed 12544K, reserved 1060864K
  class space    used 1452K, capacity 1517K, committed 1536K, reserved 1048576K
Event: 6.239 GC heap after
Heap after GC invocations=4 (full 0):
 PSYoungGen      total 71680K, used 2976K [0x00000000d5e00000, 0x00000000da900000, 0x0000000100000000)
  eden space 66560K, 0% used [0x00000000d5e00000,0x00000000d5e00000,0x00000000d9f00000)
  from space 5120K, 58% used [0x00000000da400000,0x00000000da6e8020,0x00000000da900000)
  to   space 5120K, 0% used [0x00000000d9f00000,0x00000000d9f00000,0x00000000da400000)
 ParOldGen       total 87552K, used 40K [0x0000000081a00000, 0x0000000086f80000, 0x00000000d5e00000)
  object space 87552K, 0% used [0x0000000081a00000,0x0000000081a0a000,0x0000000086f80000)
 Metaspace       used 12182K, capacity 12348K, committed 12544K, reserved 1060864K
  class space    used 1452K, capacity 1517K, committed 1536K, reserved 1048576K
}
Event: 6.495 GC heap before
{Heap before GC invocations=5 (full 0):
 PSYoungGen      total 71680K, used 69536K [0x00000000d5e00000, 0x00000000da900000, 0x0000000100000000)
  eden space 66560K, 100% used [0x00000000d5e00000,0x00000000d9f00000,0x00000000d9f00000)
  from space 5120K, 58% used [0x00000000da400000,0x00000000da6e8020,0x00000000da900000)
  to   space 5120K, 0% used [0x00000000d9f00000,0x00000000d9f00000,0x00000000da400000)
 ParOldGen       total 87552K, used 40K [0x0000000081a00000, 0x0000000086f80000, 0x00000000d5e00000)
  object space 87552K, 0% used [0x0000000081a00000,0x0000000081a0a000,0x0000000086f80000)
 Metaspace       used 12424K, capacity 12636K, committed 12928K, reserved 1060864K
  class space    used 1470K, capacity 1549K, committed 1664K, reserved 1048576K
Event: 6.508 GC heap after
Heap after GC invocations=5 (full 0):
 PSYoungGen      total 71680K, used 5117K [0x00000000d5e00000, 0x00000000df200000, 0x0000000100000000)
  eden space 66560K, 0% used [0x00000000d5e00000,0x00000000d5e00000,0x00000000d9f00000)
  from space 5120K, 99% used [0x00000000d9f00000,0x00000000da3ff4a8,0x00000000da400000)
  to   space 9216K, 0% used [0x00000000de900000,0x00000000de900000,0x00000000df200000)
 ParOldGen       total 87552K, used 5462K [0x0000000081a00000, 0x0000000086f80000, 0x00000000d5e00000)
  object space 87552K, 6% used [0x0000000081a00000,0x0000000081f558e0,0x0000000086f80000)
 Metaspace       used 12424K, capacity 12636K, committed 12928K, reserved 1060864K
  class space    used 1470K, capacity 1549K, committed 1664K, reserved 1048576K
}
Event: 7.087 GC heap before
{Heap before GC invocations=6 (full 0):
 PSYoungGen      total 71680K, used 71677K [0x00000000d5e00000, 0x00000000df200000, 0x0000000100000000)
  eden space 66560K, 100% used [0x00000000d5e00000,0x00000000d9f00000,0x00000000d9f00000)
  from space 5120K, 99% used [0x00000000d9f00000,0x00000000da3ff4a8,0x00000000da400000)
  to   space 9216K, 0% used [0x00000000de900000,0x00000000de900000,0x00000000df200000)
 ParOldGen       total 87552K, used 5462K [0x0000000081a00000, 0x0000000086f80000, 0x00000000d5e00000)
  object space 87552K, 6% used [0x0000000081a00000,0x0000000081f558e0,0x0000000086f80000)
 Metaspace       used 12482K, capacity 12636K, committed 12928K, reserved 1060864K
  class space    used 1472K, capacity 1549K, committed 1664K, reserved 1048576K
Event: 7.106 GC heap after
Heap after GC invocations=6 (full 0):
 PSYoungGen      total 138752K, used 9213K [0x00000000d5e00000, 0x00000000df900000, 0x0000000100000000)
  eden space 129536K, 0% used [0x00000000d5e00000,0x00000000d5e00000,0x00000000ddc80000)
  from space 9216K, 99% used [0x00000000de900000,0x00000000df1ff468,0x00000000df200000)
  to   space 12800K, 0% used [0x00000000ddc80000,0x00000000ddc80000,0x00000000de900000)
 ParOldGen       total 87552K, used 8546K [0x0000000081a00000, 0x0000000086f80000, 0x00000000d5e00000)
  object space 87552K, 9% used [0x0000000081a00000,0x00000000822589f0,0x0000000086f80000)
 Metaspace       used 12482K, capacity 12636K, committed 12928K, reserved 1060864K
  class space    used 1472K, capacity 1549K, committed 1664K, reserved 1048576K
}
Event: 8.485 GC heap before
{Heap before GC invocations=7 (full 0):
 PSYoungGen      total 138752K, used 138345K [0x00000000d5e00000, 0x00000000df900000, 0x0000000100000000)
  eden space 129536K, 99% used [0x00000000d5e00000,0x00000000ddc1b1e8,0x00000000ddc80000)
  from space 9216K, 99% used [0x00000000de900000,0x00000000df1ff468,0x00000000df200000)
  to   space 12800K, 0% used [0x00000000ddc80000,0x00000000ddc80000,0x00000000de900000)
 ParOldGen       total 87552K, used 8546K [0x0000000081a00000, 0x0000000086f80000, 0x00000000d5e00000)
  object space 87552K, 9% used [0x0000000081a00000,0x00000000822589f0,0x0000000086f80000)
 Metaspace       used 18857K, capacity 19094K, committed 19456K, reserved 1067008K
  class space    used 2427K, capacity 2518K, committed 2560K, reserved 1048576K
Event: 8.511 GC heap after
Heap after GC invocations=7 (full 0):
 PSYoungGen      total 142336K, used 12795K [0x00000000d5e00000, 0x00000000e8100000, 0x0000000100000000)
  eden space 129536K, 0% used [0x00000000d5e00000,0x00000000d5e00000,0x00000000ddc80000)
  from space 12800K, 99% used [0x00000000ddc80000,0x00000000de8fed80,0x00000000de900000)
  to   space 19456K, 0% used [0x00000000e6e00000,0x00000000e6e00000,0x00000000e8100000)
 ParOldGen       total 87552K, used 16252K [0x0000000081a00000, 0x0000000086f80000, 0x00000000d5e00000)
  object space 87552K, 18% used [0x0000000081a00000,0x00000000829df258,0x0000000086f80000)
 Metaspace       used 18857K, capacity 19094K, committed 19456K, reserved 1067008K
  class space    used 2427K, capacity 2518K, committed 2560K, reserved 1048576K
}

Deoptimization events (10 events):
Event: 8.107 Thread 0x000000001c5f1000 Uncommon trap: reason=class_check action=maybe_recompile pc=0x000000000309c938 method=java.util.zip.InflaterInputStream.read([BII)I @ 100
Event: 8.110 Thread 0x000000001c5f1000 Uncommon trap: reason=class_check action=maybe_recompile pc=0x000000000309c938 method=java.util.zip.InflaterInputStream.read([BII)I @ 100
Event: 8.337 Thread 0x000000000109d800 Uncommon trap: reason=unstable_if action=reinterpret pc=0x0000000002e6028c method=com.google.zxing.common.BitMatrix.get(II)Z @ 24
Event: 8.341 Thread 0x000000000109d800 Uncommon trap: reason=unstable_if action=reinterpret pc=0x0000000002f30764 method=java.awt.image.IndexColorModel.getDataElements(ILjava/lang/Object;)Ljava/lang/Object; @ 70
Event: 8.479 Thread 0x0000000019f30800 Uncommon trap: reason=unstable_if action=reinterpret pc=0x0000000002ede324 method=sun.awt.SunToolkit.getAppContext(Ljava/lang/Object;)Lsun/awt/AppContext; @ 4
Event: 8.511 Thread 0x0000000002b70000 Uncommon trap: reason=unstable_if action=reinterpret pc=0x0000000002d5c464 method=java.lang.ref.Reference.tryHandlePending(Z)Z @ 20
Event: 8.598 Thread 0x000000001c5f1000 Uncommon trap: reason=unstable_if action=reinterpret pc=0x00000000031063ec method=sun.awt.image.ImageRepresentation.convertToRGB()V @ 145
Event: 8.604 Thread 0x000000001a221800 Uncommon trap: reason=unstable_if action=reinterpret pc=0x0000000002e89894 method=java.awt.image.DirectColorModel.getAlpha(I)I @ 4
Event: 8.604 Thread 0x000000001a221800 Uncommon trap: reason=unstable_if action=reinterpret pc=0x00000000030360a0 method=java.awt.image.DirectColorModel.getAlpha(I)I @ 4
Event: 8.835 Thread 0x000000001c5f1000 Uncommon trap: reason=unstable_if action=reinterpret pc=0x00000000032abc48 method=java.lang.Math.round(F)I @ 23

Internal exceptions (10 events):
Event: 5.335 Thread 0x000000001921c800 Exception <a 'java/security/PrivilegedActionException'> (0x00000000d63a30f8) thrown at [C:\re\workspace\8-2-build-windows-amd64-cygwin\jdk8u111\7883\hotspot\src\share\vm\prims\jvm.cpp, line 1386]
Event: 5.388 Thread 0x000000000109d800 Exception <a 'java/lang/NoSuchFieldError': method resolution failed> (0x00000000d64e14a8) thrown at [C:\re\workspace\8-2-build-windows-amd64-cygwin\jdk8u111\7883\hotspot\src\share\vm\prims\methodHandles.cpp, line 1146]
Event: 5.392 Thread 0x000000000109d800 Exception <a 'java/lang/NoSuchFieldError': method resolution failed> (0x00000000d64ee848) thrown at [C:\re\workspace\8-2-build-windows-amd64-cygwin\jdk8u111\7883\hotspot\src\share\vm\prims\methodHandles.cpp, line 1146]
Event: 5.455 Thread 0x000000000109d800 Exception <a 'java/io/FileNotFoundException'> (0x00000000d6594320) thrown at [C:\re\workspace\8-2-build-windows-amd64-cygwin\jdk8u111\7883\hotspot\src\share\vm\prims\jni.cpp, line 709]
Event: 5.508 Thread 0x000000000109d800 Implicit null exception at 0x0000000002e27014 to 0x0000000002e273cd
Event: 5.509 Thread 0x000000000109d800 Implicit null exception at 0x0000000002e29116 to 0x0000000002e294c1
Event: 6.349 Thread 0x000000000109d800 Implicit null exception at 0x0000000002fe2bfb to 0x0000000002fe3561
Event: 7.509 Thread 0x000000000109d800 Implicit null exception at 0x0000000003084c8c to 0x0000000003084f49
Event: 7.509 Thread 0x000000000109d800 Implicit null exception at 0x0000000002ead1f3 to 0x0000000002ead3e1
Event: 7.509 Thread 0x000000000109d800 Implicit null exception at 0x0000000002feddbb to 0x0000000002fedf7d

Events (10 events):
Event: 10.772 Executing VM operation: RevokeBias
Event: 10.772 Executing VM operation: RevokeBias done
Event: 10.775 Executing VM operation: RevokeBias
Event: 10.775 Executing VM operation: RevokeBias done
Event: 10.779 Thread 0x0000000017782000 Thread added: 0x0000000017782000
Event: 10.779 Executing VM operation: RevokeBias
Event: 10.779 Executing VM operation: RevokeBias done
Event: 10.782 loading class com/xuggle/ferry/JNIMemoryParachute
Event: 10.782 loading class com/xuggle/ferry/JNIMemoryParachute done
Event: 10.783 Thread 0x0000000017783000 Thread added: 0x0000000017783000


Dynamic libraries:
0x00007ff787d80000 - 0x00007ff787db7000 	C:\Program Files\Java\jre1.8.0_111\bin\javaw.exe
0x00007ffcfe660000 - 0x00007ffcfe80d000 	C:\WINDOWS\SYSTEM32\ntdll.dll
0x00007ffcfc530000 - 0x00007ffcfc66e000 	C:\WINDOWS\system32\KERNEL32.DLL
0x00007ffcfb8a0000 - 0x00007ffcfb9b5000 	C:\WINDOWS\system32\KERNELBASE.dll
0x00007ffcfa350000 - 0x00007ffcfa3de000 	C:\WINDOWS\system32\apphelp.dll
0x00007ffcc7ed0000 - 0x00007ffcc7f23000 	C:\WINDOWS\AppPatch\AppPatch64\AcGenral.DLL
0x00007ffcfc850000 - 0x00007ffcfc8fa000 	C:\WINDOWS\system32\msvcrt.dll
0x00007ffcfb9c0000 - 0x00007ffcfb9ee000 	C:\WINDOWS\system32\SspiCli.dll
0x00007ffcfbcf0000 - 0x00007ffcfbd44000 	C:\WINDOWS\system32\SHLWAPI.dll
0x00007ffcfbf20000 - 0x00007ffcfc097000 	C:\WINDOWS\system32\USER32.dll
0x00007ffcfe2f0000 - 0x00007ffcfe484000 	C:\WINDOWS\system32\ole32.dll
0x00007ffcfcca0000 - 0x00007ffcfe1c8000 	C:\WINDOWS\system32\SHELL32.dll
0x00007ffcfadd0000 - 0x00007ffcfadf1000 	C:\WINDOWS\SYSTEM32\USERENV.dll
0x00007ffcfcbf0000 - 0x00007ffcfcc9a000 	C:\WINDOWS\system32\ADVAPI32.dll
0x00007ffcee010000 - 0x00007ffcee02e000 	C:\WINDOWS\SYSTEM32\MPR.dll
0x00007ffcfc3f0000 - 0x00007ffcfc530000 	C:\WINDOWS\system32\RPCRT4.dll
0x00007ffcfbec0000 - 0x00007ffcfbf19000 	C:\WINDOWS\SYSTEM32\sechost.dll
0x00007ffcfc9c0000 - 0x00007ffcfcbd1000 	C:\WINDOWS\SYSTEM32\combase.dll
0x00007ffcfbd70000 - 0x00007ffcfbebf000 	C:\WINDOWS\system32\GDI32.dll
0x00007ffcfb780000 - 0x00007ffcfb795000 	C:\WINDOWS\SYSTEM32\profapi.dll
0x00007ffcf9fc0000 - 0x00007ffcfa072000 	C:\WINDOWS\SYSTEM32\SHCORE.dll
0x00007ffcfe1d0000 - 0x00007ffcfe206000 	C:\WINDOWS\system32\IMM32.DLL
0x00007ffcfe500000 - 0x00007ffcfe652000 	C:\WINDOWS\system32\MSCTF.dll
0x00007ffcf9b20000 - 0x00007ffcf9d9a000 	C:\WINDOWS\WinSxS\amd64_microsoft.windows.common-controls_6595b64144ccf1df_6.0.9600.17810_none_6240b9c7ecbd0bda\COMCTL32.dll
0x0000000075ed0000 - 0x0000000075fa2000 	C:\Program Files\Java\jre1.8.0_111\bin\msvcr100.dll
0x0000000074a20000 - 0x00000000752ba000 	C:\Program Files\Java\jre1.8.0_111\bin\server\jvm.dll
0x00007ffcf8670000 - 0x00007ffcf8679000 	C:\WINDOWS\SYSTEM32\WSOCK32.dll
0x00007ffce7a60000 - 0x00007ffce7a82000 	C:\WINDOWS\SYSTEM32\WINMM.dll
0x00007ffcf8680000 - 0x00007ffcf868a000 	C:\WINDOWS\SYSTEM32\VERSION.dll
0x00007ffcfcbe0000 - 0x00007ffcfcbe7000 	C:\WINDOWS\system32\PSAPI.DLL
0x00007ffcfc960000 - 0x00007ffcfc9ba000 	C:\WINDOWS\system32\WS2_32.dll
0x00007ffce7a30000 - 0x00007ffce7a5a000 	C:\WINDOWS\SYSTEM32\WINMMBASE.dll
0x00007ffcfe2d0000 - 0x00007ffcfe2d9000 	C:\WINDOWS\system32\NSI.dll
0x00007ffcfb850000 - 0x00007ffcfb89f000 	C:\WINDOWS\SYSTEM32\cfgmgr32.dll
0x00007ffcfa5c0000 - 0x00007ffcfa5e8000 	C:\WINDOWS\SYSTEM32\DEVOBJ.dll
0x0000000077f50000 - 0x0000000077f5f000 	C:\Program Files\Java\jre1.8.0_111\bin\verify.dll
0x00000000760f0000 - 0x0000000076119000 	C:\Program Files\Java\jre1.8.0_111\bin\java.dll
0x00000000760d0000 - 0x00000000760e6000 	C:\Program Files\Java\jre1.8.0_111\bin\zip.dll
0x00007ffcf3580000 - 0x00007ffcf35e2000 	C:\Program Files (x86)\Manufacturer\Endpoint Agent\prntm64.dll
0x00007ffceef30000 - 0x00007ffceef3c000 	C:\WINDOWS\SYSTEM32\Secur32.dll
0x00007ffcd36a0000 - 0x00007ffcd3722000 	C:\WINDOWS\SYSTEM32\WINSPOOL.DRV
0x0000000077e00000 - 0x0000000077e98000 	C:\WINDOWS\SYSTEM32\MSVCP100.dll
0x00000000760b0000 - 0x00000000760ca000 	C:\Program Files\Java\jre1.8.0_111\bin\net.dll
0x00007ffcfb090000 - 0x00007ffcfb0e9000 	C:\WINDOWS\system32\mswsock.dll
0x0000000075d30000 - 0x0000000075ec8000 	C:\Program Files\Java\jre1.8.0_111\bin\awt.dll
0x00007ffcfc260000 - 0x00007ffcfc326000 	C:\WINDOWS\system32\OLEAUT32.dll
0x00007ffcfb0f0000 - 0x00007ffcfb110000 	C:\WINDOWS\SYSTEM32\CRYPTSP.dll
0x00007ffcfacc0000 - 0x00007ffcfacf6000 	C:\WINDOWS\system32\rsaenh.dll
0x00007ffcfb340000 - 0x00007ffcfb366000 	C:\WINDOWS\SYSTEM32\bcrypt.dll
0x00007ffcfb650000 - 0x00007ffcfb6b3000 	C:\WINDOWS\system32\bcryptprimitives.dll
0x00007ffcfb6c0000 - 0x00007ffcfb6cb000 	C:\WINDOWS\SYSTEM32\CRYPTBASE.dll
0x00007ffcf9dc0000 - 0x00007ffcf9de1000 	C:\WINDOWS\system32\DWMAPI.DLL
0x00007ffcfa420000 - 0x00007ffcfa549000 	C:\WINDOWS\system32\uxtheme.dll
0x00007ffcf7af0000 - 0x00007ffcf7b1a000 	C:\WINDOWS\SYSTEM32\IPHLPAPI.DLL
0x00007ffcf7ae0000 - 0x00007ffcf7aea000 	C:\WINDOWS\SYSTEM32\WINNSI.DLL
0x00007ffcf57a0000 - 0x00007ffcf57b6000 	C:\WINDOWS\SYSTEM32\dhcpcsvc6.DLL
0x00007ffcf5780000 - 0x00007ffcf579a000 	C:\WINDOWS\SYSTEM32\dhcpcsvc.DLL
0x00007ffcf2ed0000 - 0x00007ffcf2f7b000 	C:\Program Files\Common Files\microsoft shared\ink\tiptsf.dll
0x00007ffcfa610000 - 0x00007ffcfa61b000 	C:\WINDOWS\SYSTEM32\kernel.appcore.dll
0x0000000076090000 - 0x00000000760a1000 	C:\Program Files\Java\jre1.8.0_111\bin\nio.dll
0x0000000075ce0000 - 0x0000000075d27000 	C:\Program Files\Java\jre1.8.0_111\bin\fontmanager.dll
0x000000006e740000 - 0x000000006fda5000 	C:\Users\nsommerfeld\AppData\Local\Temp\xuggle\xuggle8879446149698684816.dll
0x00007ffcf8f60000 - 0x00007ffcf8f77000 	C:\WINDOWS\SYSTEM32\AVICAP32.dll
0x00007ffce8920000 - 0x00007ffce8949000 	C:\WINDOWS\SYSTEM32\MSVFW32.dll
0x0000000075c90000 - 0x0000000075cd2000 	C:\Program Files\Java\jre1.8.0_111\bin\t2k.dll
0x00007ffcfe210000 - 0x00007ffcfe2c6000 	C:\WINDOWS\SYSTEM32\clbcatq.dll
0x00007ffcf9330000 - 0x00007ffcf94de000 	C:\WINDOWS\SYSTEM32\WindowsCodecs.dll
0x00007ffcf7a30000 - 0x00007ffcf7a9a000 	C:\WINDOWS\SYSTEM32\oleacc.dll
0x0000000075c50000 - 0x0000000075c81000 	C:\Program Files\Java\jre1.8.0_111\bin\jpeg.dll
0x00007ffcf8230000 - 0x00007ffcf83b9000 	C:\WINDOWS\SYSTEM32\dbghelp.dll

VM Arguments:
jvm_args: -Dfile.encoding=Cp1252 
java_command: de.yadrone.apps.controlcenter.YADroneControlCenter
java_class_path (initial): C:\Users\nsommerfeld\Documents\Git\YADrone\bin;C:\Users\nsommerfeld\Documents\Git\YADrone\lib\core.jar;C:\Users\nsommerfeld\Documents\Git\YADrone\lib\xuggle-xuggler-5.4.jar;C:\Users\nsommerfeld\Documents\Git\YADrone\lib\slf4j-api-1.7.2.jar;C:\Users\nsommerfeld\Documents\Git\YADrone\lib\slf4j-jdk14-1.7.2.jar;C:\Users\nsommerfeld\Documents\Git\YADrone\lib\jfreechart-1.0.13.jar;C:\Users\nsommerfeld\Documents\Git\YADrone\lib\jcommon-1.0.16.jar;C:\Users\nsommerfeld\Documents\Git\YADrone\lib\commons-net-3.2.jar;C:\Users\nsommerfeld\Documents\Git\YADrone\lib\reflections\guava-11.0.2.jar;C:\Users\nsommerfeld\Documents\Git\YADrone\lib\reflections\javassist-3.16.1-GA.jar;C:\Users\nsommerfeld\Documents\Git\YADrone\lib\reflections\reflections-0.9.9-RC1.jar;C:\Users\nsommerfeld\Documents\Git\YADrone\lib\zxing\core-2.2.jar;C:\Users\nsommerfeld\Documents\Git\YADrone\lib\zxing\javase-2.2.jar
Launcher Type: SUN_STANDARD

Environment Variables:
PATH=C:/Program Files/Java/jre1.8.0_111/bin/server;C:/Program Files/Java/jre1.8.0_111/bin;C:/Program Files/Java/jre1.8.0_111/lib/amd64;C:\ProgramData\Oracle\Java\javapath;C:\oraclexe\app\oracle\product\11.2.0\server\bin;C:\OracleDBClient;C:\WINDOWS\system32;C:\WINDOWS;C:\WINDOWS\System32\Wbem;C:\WINDOWS\System32\WindowsPowerShell\v1.0\;C:\Program Files (x86)\Microsoft SQL Server\110\Tools\Binn\;C:\Program Files\Microsoft SQL Server\110\Tools\Binn\;C:\Program Files\Microsoft SQL Server\110\DTS\Binn\;C:\Program Files (x86)\ExchangeMapi\;C:\Program Files\Microsoft SQL Server\Client SDK\ODBC\110\Tools\Binn\;C:\Program Files (x86)\Microsoft SQL Server\120\Tools\Binn\;C:\Program Files\Microsoft SQL Server\120\Tools\Binn\;C:\Program Files\Microsoft SQL Server\120\DTS\Binn\;C:\Program Files (x86)\Windows Live\Shared;C:\WINDOWS\system32\config\systemprofile\.dnx\bin;C:\Program Files\Microsoft DNX\Dnvm\;C:\Program Files (x86)\Windows Kits\8.1\Windows Performance Toolkit\;C:\Program Files\Microsoft SQL Server\130\Tools\Binn\;C:\Program Files\Git\cmd;C:\Users\nsommerfeld\eclipse\java-neon\eclipse;
USERNAME=nsommerfeld
OS=Windows_NT
PROCESSOR_IDENTIFIER=Intel64 Family 6 Model 69 Stepping 1, GenuineIntel



---------------  S Y S T E M  ---------------

OS: Windows 8.1 , 64 bit Build 9600 (6.3.9600.17415)

CPU:total 4 (2 cores per cpu, 2 threads per core) family 6 model 69 stepping 1, cmov, cx8, fxsr, mmx, sse, sse2, sse3, ssse3, sse4.1, sse4.2, popcnt, avx, avx2, aes, clmul, erms, lzcnt, ht, tsc, tscinvbit, bmi1, bmi2

Memory: 4k page, physical 8276372k(3079348k free), swap 9587092k(2959212k free)

vm_info: Java HotSpot(TM) 64-Bit Server VM (25.111-b14) for windows-amd64 JRE (1.8.0_111-b14), built on Sep 22 2016 19:24:05 by "java_re" with MS VC++ 10.0 (VS2010)

time: Wed Dec 14 11:23:39 2016
elapsed time: 10 seconds (0d 0h 0m 10s)

